<?xml version="1.0" encoding="UTF-8"?>
<!-- Generated by org.testng.reporters.JUnitReportReporter -->
<testsuite hostname="LAPTOP-52NKCSNC" failures="0" tests="1" name="TestNGDemo" time="0.004" errors="0" timestamp="2022-01-26T15:03:37 IST" skipped="0">
  <testcase classname="TestNGDemo" name="test" time="0.004"/>
  <system-out/>
</testsuite> <!-- TestNGDemo -->
